<?xml version="1.0" encoding="UTF-8"?>
<testng-results ignored="0" total="1" passed="1" failed="0" skipped="0">
  <reporter-output>
  </reporter-output>
  <suite started-at="2021-09-28T00:17:29 IST" name="InetBankingV1 Suite" finished-at="2021-09-28T00:17:40 IST" duration-ms="10362">
    <groups>
    </groups>
    <test started-at="2021-09-28T00:17:29 IST" name="InetBankingV1 Test" finished-at="2021-09-28T00:17:40 IST" duration-ms="10362">
      <class name="com.inetbanking.testCases.TC_LoginTest_001">
        <test-method is-config="true" signature="setup(java.lang.String)[pri:0, instance:com.inetbanking.testCases.TC_LoginTest_001@659499f1]" started-at="2021-09-28T00:17:30 IST" name="setup" finished-at="2021-09-28T00:17:35 IST" duration-ms="5694" status="PASS">
          <params>
            <param index="0">
              <value>
                <![CDATA[chrome]]>
              </value>
            </param>
          </params>
          <reporter-output>
          </reporter-output>
        </test-method> <!-- setup -->
        <test-method signature="loginTest()[pri:0, instance:com.inetbanking.testCases.TC_LoginTest_001@659499f1]" started-at="2021-09-28T00:17:35 IST" name="loginTest" finished-at="2021-09-28T00:17:39 IST" duration-ms="3802" status="PASS">
          <reporter-output>
          </reporter-output>
        </test-method> <!-- loginTest -->
        <test-method is-config="true" signature="tearDown()[pri:0, instance:com.inetbanking.testCases.TC_LoginTest_001@659499f1]" started-at="2021-09-28T00:17:39 IST" name="tearDown" finished-at="2021-09-28T00:17:40 IST" duration-ms="643" status="PASS">
          <reporter-output>
          </reporter-output>
        </test-method> <!-- tearDown -->
      </class> <!-- com.inetbanking.testCases.TC_LoginTest_001 -->
    </test> <!-- InetBankingV1 Test -->
  </suite> <!-- InetBankingV1 Suite -->
</testng-results>
